<?xml version="1.0" encoding="UTF-8" ?>
<testsuite tests="6" failures="0" name="org.openbaton.nfvo.repositories.tests.RepositoriesClassSuiteTest" time="2.477" errors="0" skipped="0">
  <properties>
    <property name="java.runtime.name" value="Java(TM) SE Runtime Environment"/>
    <property name="sun.boot.library.path" value="/usr/local/java/jdk1.8.0_172/jre/lib/amd64"/>
    <property name="java.vm.version" value="25.172-b11"/>
    <property name="java.vm.vendor" value="Oracle Corporation"/>
    <property name="maven.multiModuleProjectDirectory" value="/home/khoi/Desktop/openbaton/nfvo/NFVO-both/repository"/>
    <property name="java.vendor.url" value="http://java.oracle.com/"/>
    <property name="path.separator" value=":"/>
    <property name="guice.disable.misplaced.annotation.check" value="true"/>
    <property name="java.vm.name" value="Java HotSpot(TM) 64-Bit Server VM"/>
    <property name="file.encoding.pkg" value="sun.io"/>
    <property name="user.country" value="US"/>
    <property name="sun.java.launcher" value="SUN_STANDARD"/>
    <property name="sun.os.patch.level" value="unknown"/>
    <property name="java.vm.specification.name" value="Java Virtual Machine Specification"/>
    <property name="user.dir" value="/home/khoi/Desktop/openbaton/nfvo/NFVO-both/repository"/>
    <property name="java.runtime.version" value="1.8.0_172-b11"/>
    <property name="java.awt.graphicsenv" value="sun.awt.X11GraphicsEnvironment"/>
    <property name="java.endorsed.dirs" value="/usr/local/java/jdk1.8.0_172/jre/lib/endorsed"/>
    <property name="os.arch" value="amd64"/>
    <property name="java.io.tmpdir" value="/tmp"/>
    <property name="line.separator" value="
"/>
    <property name="java.vm.specification.vendor" value="Oracle Corporation"/>
    <property name="os.name" value="Linux"/>
    <property name="classworlds.conf" value="/usr/local/apache-maven-3.5.3/bin/m2.conf"/>
    <property name="sun.jnu.encoding" value="UTF-8"/>
    <property name="java.library.path" value="/usr/java/packages/lib/amd64:/usr/lib64:/lib64:/lib:/usr/lib"/>
    <property name="maven.conf" value="/usr/local/apache-maven-3.5.3/conf"/>
    <property name="java.specification.name" value="Java Platform API Specification"/>
    <property name="java.class.version" value="52.0"/>
    <property name="sun.management.compiler" value="HotSpot 64-Bit Tiered Compilers"/>
    <property name="os.version" value="4.13.0-43-generic"/>
    <property name="library.jansi.path" value="/usr/local/apache-maven-3.5.3/lib/jansi-native"/>
    <property name="user.home" value="/home/khoi"/>
    <property name="user.timezone" value="Asia/Ho_Chi_Minh"/>
    <property name="java.awt.printerjob" value="sun.print.PSPrinterJob"/>
    <property name="java.specification.version" value="1.8"/>
    <property name="file.encoding" value="UTF-8"/>
    <property name="user.name" value="khoi"/>
    <property name="java.class.path" value="/usr/local/apache-maven-3.5.3/boot/plexus-classworlds-2.5.2.jar"/>
    <property name="org.slf4j.simpleLogger.defaultLogLevel" value="debug"/>
    <property name="java.vm.specification.version" value="1.8"/>
    <property name="sun.arch.data.model" value="64"/>
    <property name="java.home" value="/usr/local/java/jdk1.8.0_172/jre"/>
    <property name="sun.java.command" value="org.codehaus.plexus.classworlds.launcher.Launcher -X clean install"/>
    <property name="java.specification.vendor" value="Oracle Corporation"/>
    <property name="user.language" value="en"/>
    <property name="awt.toolkit" value="sun.awt.X11.XToolkit"/>
    <property name="java.vm.info" value="mixed mode"/>
    <property name="java.version" value="1.8.0_172"/>
    <property name="java.ext.dirs" value="/usr/local/java/jdk1.8.0_172/jre/lib/ext:/usr/java/packages/lib/ext"/>
    <property name="securerandom.source" value="file:/dev/./urandom"/>
    <property name="sun.boot.class.path" value="/usr/local/java/jdk1.8.0_172/jre/lib/resources.jar:/usr/local/java/jdk1.8.0_172/jre/lib/rt.jar:/usr/local/java/jdk1.8.0_172/jre/lib/sunrsasign.jar:/usr/local/java/jdk1.8.0_172/jre/lib/jsse.jar:/usr/local/java/jdk1.8.0_172/jre/lib/jce.jar:/usr/local/java/jdk1.8.0_172/jre/lib/charsets.jar:/usr/local/java/jdk1.8.0_172/jre/lib/jfr.jar:/usr/local/java/jdk1.8.0_172/jre/classes"/>
    <property name="java.vendor" value="Oracle Corporation"/>
    <property name="maven.home" value="/usr/local/apache-maven-3.5.3"/>
    <property name="file.separator" value="/"/>
    <property name="java.vendor.url.bug" value="http://bugreport.sun.com/bugreport/"/>
    <property name="sun.cpu.endian" value="little"/>
    <property name="sun.io.unicode.encoding" value="UnicodeLittle"/>
    <property name="sun.desktop" value="gnome"/>
    <property name="sun.cpu.isalist" value=""/>
  </properties>
  <testcase classname="org.openbaton.nfvo.repositories.tests.RepositoriesClassSuiteTest" name="repositoryNotNullTest" time="0.17"/>
  <testcase classname="org.openbaton.nfvo.repositories.tests.RepositoriesClassSuiteTest" name="createEntityTest" time="0.616"/>
  <testcase classname="org.openbaton.nfvo.repositories.tests.RepositoriesClassSuiteTest" name="nsdRepositoryPersistTest" time="0.165"/>
  <testcase classname="org.openbaton.nfvo.repositories.tests.RepositoriesClassSuiteTest" name="nsdRepositoryFindTest" time="0.009"/>
  <testcase classname="org.openbaton.nfvo.repositories.tests.RepositoriesClassSuiteTest" name="findEntityTest" time="0.243"/>
  <testcase classname="org.openbaton.nfvo.repositories.tests.RepositoriesClassSuiteTest" name="nsdRepositoryMergeTest" time="1.274"/>
</testsuite>